build/app/intermediates/manifest_merge_blame_file/release/manifest-merger-blame-release-report.txt
1<?xml version="1.0" encoding="utf-8"?>
2<manifest xmlns:android="http://schemas.android.com/apk/res/android"
3    package="com.graspery.flutterapp"
4    android:versionCode="1"
5    android:versionName="1.0.0" >
6
7    <uses-sdk
8        android:minSdkVersion="16"
8-->src\main\AndroidManifest.xml
9        android:targetSdkVersion="28" />
9-->src\main\AndroidManifest.xml
10
11    <uses-permission android:name="android.permission.ACCESS_NETWORK_STATE" />
11-->[:connectivity] AndroidManifest.xml:7:5-79
11-->[:connectivity] AndroidManifest.xml:7:22-76
12    <uses-permission android:name="android.permission.ACCESS_WIFI_STATE" />
12-->[:connectivity] AndroidManifest.xml:8:5-76
12-->[:connectivity] AndroidManifest.xml:8:22-73
13    <uses-permission android:name="android.permission.INTERNET" />
13-->[com.google.firebase:firebase-iid:20.0.0] AndroidManifest.xml:23:5-67
13-->[com.google.firebase:firebase-iid:20.0.0] AndroidManifest.xml:23:22-64
14    <uses-permission android:name="android.permission.WAKE_LOCK" /> <!-- Required by older versions of Google Play services to create IID tokens -->
14-->[com.google.firebase:firebase-iid:20.0.0] AndroidManifest.xml:24:5-68
14-->[com.google.firebase:firebase-iid:20.0.0] AndroidManifest.xml:24:22-65
15    <uses-permission android:name="com.google.android.c2dm.permission.RECEIVE" />
15-->[com.google.firebase:firebase-iid:20.0.0] AndroidManifest.xml:26:5-82
15-->[com.google.firebase:firebase-iid:20.0.0] AndroidManifest.xml:26:22-79
16    <!--
17 io.flutter.app.FlutterApplication is an android.app.Application that
18         calls FlutterMain.startInitialization(this); in its onCreate method.
19         In most cases you can leave this as-is, but you if you want to provide
20         additional functionality it is fine to subclass or reimplement
21         FlutterApplication and put your custom class here.
22    -->
23    <application
23-->src\main\AndroidManifest.xml:8:5-33:19
24        android:name="io.flutter.app.FlutterApplication"
24-->src\main\AndroidManifest.xml:9:9-57
25        android:appComponentFactory="androidx.core.app.CoreComponentFactory"
25-->[androidx.core:core:1.1.0] AndroidManifest.xml:24:18-86
26        android:icon="@mipmap/ic_launcher"
26-->src\main\AndroidManifest.xml:11:9-43
27        android:label="Herky Asks" >
27-->src\main\AndroidManifest.xml:10:9-35
28        <activity
28-->src\main\AndroidManifest.xml:12:9-27:20
29            android:name="com.graspery.flutterapp.MainActivity"
29-->src\main\AndroidManifest.xml:13:13-41
30            android:configChanges="orientation|keyboardHidden|keyboard|screenSize|smallestScreenSize|locale|layoutDirection|fontScale|screenLayout|density|uiMode"
30-->src\main\AndroidManifest.xml:16:13-163
31            android:hardwareAccelerated="true"
31-->src\main\AndroidManifest.xml:17:13-47
32            android:launchMode="singleTop"
32-->src\main\AndroidManifest.xml:14:13-43
33            android:theme="@style/LaunchTheme"
33-->src\main\AndroidManifest.xml:15:13-47
34            android:windowSoftInputMode="adjustResize" >
34-->src\main\AndroidManifest.xml:18:13-55
35            <intent-filter>
35-->src\main\AndroidManifest.xml:19:13-22:29
36                <action android:name="FLUTTER_NOTIFICATION_CLICK" />
36-->src\main\AndroidManifest.xml:20:17-69
36-->src\main\AndroidManifest.xml:20:25-66
37
38                <category android:name="android.intent.category.DEFAULT" />
38-->src\main\AndroidManifest.xml:21:17-76
38-->src\main\AndroidManifest.xml:21:27-73
39            </intent-filter>
40            <intent-filter>
40-->src\main\AndroidManifest.xml:23:13-26:29
41                <action android:name="android.intent.action.MAIN" />
41-->src\main\AndroidManifest.xml:24:17-68
41-->src\main\AndroidManifest.xml:24:25-66
42
43                <category android:name="android.intent.category.LAUNCHER" />
43-->src\main\AndroidManifest.xml:25:17-76
43-->src\main\AndroidManifest.xml:25:27-74
44            </intent-filter>
45        </activity>
46        <!--
47             Don't delete the meta-data below.
48             This is used by the Flutter tool to generate GeneratedPluginRegistrant.java
49        -->
50        <meta-data
50-->src\main\AndroidManifest.xml:30:9-32:33
51            android:name="flutterEmbedding"
51-->src\main\AndroidManifest.xml:31:13-44
52            android:value="2" />
52-->src\main\AndroidManifest.xml:32:13-30
53
54        <service
54-->[:firebase_database] AndroidManifest.xml:8:9-12:19
55            android:name="com.google.firebase.components.ComponentDiscoveryService"
55-->[:firebase_database] AndroidManifest.xml:8:18-89
56            android:exported="false" >
56-->[com.google.firebase:firebase-iid:20.0.0] AndroidManifest.xml:31:13-37
57            <meta-data
57-->[:firebase_database] AndroidManifest.xml:9:13-11:85
58                android:name="com.google.firebase.components:io.flutter.plugins.firebase.database.FlutterFirebaseAppRegistrar"
58-->[:firebase_database] AndroidManifest.xml:10:17-127
59                android:value="com.google.firebase.components.ComponentRegistrar" />
59-->[:firebase_database] AndroidManifest.xml:11:17-82
60            <meta-data
60-->[:firebase_auth] AndroidManifest.xml:9:13-11:85
61                android:name="com.google.firebase.components:io.flutter.plugins.firebaseauth.FlutterFirebaseAppRegistrar"
61-->[:firebase_auth] AndroidManifest.xml:10:17-122
62                android:value="com.google.firebase.components.ComponentRegistrar" />
62-->[:firebase_auth] AndroidManifest.xml:11:17-82
63            <meta-data
63-->[:firebase_core] AndroidManifest.xml:9:13-11:85
64                android:name="com.google.firebase.components:io.flutter.plugins.firebase.core.FlutterFirebaseAppRegistrar"
64-->[:firebase_core] AndroidManifest.xml:10:17-123
65                android:value="com.google.firebase.components.ComponentRegistrar" />
65-->[:firebase_core] AndroidManifest.xml:11:17-82
66            <meta-data
66-->[:firebase_messaging] AndroidManifest.xml:14:13-16:85
67                android:name="com.google.firebase.components:io.flutter.plugins.firebasemessaging.FlutterFirebaseAppRegistrar"
67-->[:firebase_messaging] AndroidManifest.xml:15:17-127
68                android:value="com.google.firebase.components.ComponentRegistrar" />
68-->[:firebase_messaging] AndroidManifest.xml:16:17-82
69            <meta-data
69-->[com.google.firebase:firebase-iid:20.0.0] AndroidManifest.xml:32:13-34:85
70                android:name="com.google.firebase.components:com.google.firebase.iid.Registrar"
70-->[com.google.firebase:firebase-iid:20.0.0] AndroidManifest.xml:33:17-96
71                android:value="com.google.firebase.components.ComponentRegistrar" />
71-->[com.google.firebase:firebase-iid:20.0.0] AndroidManifest.xml:34:17-82
72            <meta-data
72-->[com.google.firebase:firebase-database:17.0.0] AndroidManifest.xml:30:13-32:85
73                android:name="com.google.firebase.components:com.google.firebase.database.DatabaseRegistrar"
73-->[com.google.firebase:firebase-database:17.0.0] AndroidManifest.xml:31:17-109
74                android:value="com.google.firebase.components.ComponentRegistrar" />
74-->[com.google.firebase:firebase-database:17.0.0] AndroidManifest.xml:32:17-82
75            <meta-data
75-->[com.google.firebase:firebase-auth:17.0.0] AndroidManifest.xml:36:13-38:85
76                android:name="com.google.firebase.components:com.google.firebase.auth.FirebaseAuthRegistrar"
76-->[com.google.firebase:firebase-auth:17.0.0] AndroidManifest.xml:37:17-109
77                android:value="com.google.firebase.components.ComponentRegistrar" />
77-->[com.google.firebase:firebase-auth:17.0.0] AndroidManifest.xml:38:17-82
78        </service>
79
80        <provider
80-->[:flutter_email_sender] AndroidManifest.xml:8:9-16:20
81            android:name="com.sidlatau.flutteremailsender.FlutterEmailSenderFileProvider"
81-->[:flutter_email_sender] AndroidManifest.xml:9:13-90
82            android:authorities="com.graspery.flutterapp.file_provider"
82-->[:flutter_email_sender] AndroidManifest.xml:10:13-65
83            android:exported="false"
83-->[:flutter_email_sender] AndroidManifest.xml:11:13-37
84            android:grantUriPermissions="true" >
84-->[:flutter_email_sender] AndroidManifest.xml:12:13-47
85            <meta-data
85-->[:flutter_email_sender] AndroidManifest.xml:13:13-15:61
86                android:name="android.support.FILE_PROVIDER_PATHS"
86-->[:flutter_email_sender] AndroidManifest.xml:14:17-67
87                android:resource="@xml/shared_file_paths" />
87-->[:flutter_email_sender] AndroidManifest.xml:15:17-58
88        </provider>
89
90        <service android:name="io.flutter.plugins.firebasemessaging.FlutterFirebaseMessagingService" >
90-->[:firebase_messaging] AndroidManifest.xml:8:9-12:19
90-->[:firebase_messaging] AndroidManifest.xml:8:18-101
91            <intent-filter>
91-->[:firebase_messaging] AndroidManifest.xml:9:13-11:29
92                <action android:name="com.google.firebase.MESSAGING_EVENT" />
92-->[:firebase_messaging] AndroidManifest.xml:10:17-78
92-->[:firebase_messaging] AndroidManifest.xml:10:25-75
93            </intent-filter>
94        </service>
95        <!--
96             FirebaseMessagingService performs security checks at runtime,
97             but set to not exported to explicitly avoid allowing another app to call it.
98        -->
99        <service
99-->[com.google.firebase:firebase-messaging:20.0.0] AndroidManifest.xml:28:9-34:19
100            android:name="com.google.firebase.messaging.FirebaseMessagingService"
100-->[com.google.firebase:firebase-messaging:20.0.0] AndroidManifest.xml:29:13-82
101            android:exported="false" >
101-->[com.google.firebase:firebase-messaging:20.0.0] AndroidManifest.xml:30:13-37
102            <intent-filter android:priority="-500" >
102-->[:firebase_messaging] AndroidManifest.xml:9:13-11:29
103                <action android:name="com.google.firebase.MESSAGING_EVENT" />
103-->[:firebase_messaging] AndroidManifest.xml:10:17-78
103-->[:firebase_messaging] AndroidManifest.xml:10:25-75
104            </intent-filter>
105        </service>
106
107        <receiver
107-->[com.google.firebase:firebase-iid:20.0.0] AndroidManifest.xml:37:9-44:20
108            android:name="com.google.firebase.iid.FirebaseInstanceIdReceiver"
108-->[com.google.firebase:firebase-iid:20.0.0] AndroidManifest.xml:38:13-78
109            android:exported="true"
109-->[com.google.firebase:firebase-iid:20.0.0] AndroidManifest.xml:39:13-36
110            android:permission="com.google.android.c2dm.permission.SEND" >
110-->[com.google.firebase:firebase-iid:20.0.0] AndroidManifest.xml:40:13-73
111            <intent-filter>
111-->[com.google.firebase:firebase-iid:20.0.0] AndroidManifest.xml:41:13-43:29
112                <action android:name="com.google.android.c2dm.intent.RECEIVE" />
112-->[com.google.firebase:firebase-iid:20.0.0] AndroidManifest.xml:42:17-81
112-->[com.google.firebase:firebase-iid:20.0.0] AndroidManifest.xml:42:25-78
113            </intent-filter>
114        </receiver>
115
116        <activity
116-->[com.google.firebase:firebase-auth:17.0.0] AndroidManifest.xml:24:9-31:50
117            android:name="com.google.firebase.auth.internal.FederatedSignInActivity"
117-->[com.google.firebase:firebase-auth:17.0.0] AndroidManifest.xml:25:13-85
118            android:excludeFromRecents="true"
118-->[com.google.firebase:firebase-auth:17.0.0] AndroidManifest.xml:26:13-46
119            android:exported="true"
119-->[com.google.firebase:firebase-auth:17.0.0] AndroidManifest.xml:27:13-36
120            android:launchMode="singleTask"
120-->[com.google.firebase:firebase-auth:17.0.0] AndroidManifest.xml:28:13-44
121            android:permission="com.google.firebase.auth.api.gms.permission.LAUNCH_FEDERATED_SIGN_IN"
121-->[com.google.firebase:firebase-auth:17.0.0] AndroidManifest.xml:29:13-102
122            android:theme="@android:style/Theme.Translucent.NoTitleBar" />
122-->[com.google.firebase:firebase-auth:17.0.0] AndroidManifest.xml:30:13-72
123
124        <provider
124-->[com.google.firebase:firebase-common:19.0.0] AndroidManifest.xml:12:9-16:39
125            android:name="com.google.firebase.provider.FirebaseInitProvider"
125-->[com.google.firebase:firebase-common:19.0.0] AndroidManifest.xml:13:13-77
126            android:authorities="com.graspery.flutterapp.firebaseinitprovider"
126-->[com.google.firebase:firebase-common:19.0.0] AndroidManifest.xml:14:13-72
127            android:exported="false"
127-->[com.google.firebase:firebase-common:19.0.0] AndroidManifest.xml:15:13-37
128            android:initOrder="100" />
128-->[com.google.firebase:firebase-common:19.0.0] AndroidManifest.xml:16:13-36
129
130        <activity
130-->[com.google.android.gms:play-services-base:17.0.0] AndroidManifest.xml:23:9-26:75
131            android:name="com.google.android.gms.common.api.GoogleApiActivity"
131-->[com.google.android.gms:play-services-base:17.0.0] AndroidManifest.xml:24:13-79
132            android:exported="false"
132-->[com.google.android.gms:play-services-base:17.0.0] AndroidManifest.xml:25:13-37
133            android:theme="@android:style/Theme.Translucent.NoTitleBar" />
133-->[com.google.android.gms:play-services-base:17.0.0] AndroidManifest.xml:26:13-72
134
135        <meta-data
135-->[com.google.android.gms:play-services-basement:17.0.0] AndroidManifest.xml:23:9-25:69
136            android:name="com.google.android.gms.version"
136-->[com.google.android.gms:play-services-basement:17.0.0] AndroidManifest.xml:24:13-58
137            android:value="@integer/google_play_services_version" />
137-->[com.google.android.gms:play-services-basement:17.0.0] AndroidManifest.xml:25:13-66
138    </application>
139
140</manifest>